<?xml version="1.0" encoding="UTF-8"?>
<!-- Generated by org.testng.reporters.JUnitReportReporter -->
<testsuite skipped="0" hostname="LAPTOP-4LHHGNJU" name="testng.AnnotationstdyFacebook" tests="1" failures="0" timestamp="2022-03-21T15:31:25 IST" time="0.011" errors="0">
  <testcase name="validateuserid" time="0.011" classname="testng.AnnotationstdyFacebook"/>
  <system-out>
    <![CDATA[Running test true]]>
  </system-out>
</testsuite> <!-- testng.AnnotationstdyFacebook -->
