<?xml version="1.0" encoding="UTF-8"?>
<!-- Generated by org.testng.reporters.JUnitReportReporter -->
<testsuite skipped="0" hostname="LAPTOP-4LHHGNJU" name="KiteApptestclasses.kiteusernamevalidation" tests="1" failures="0" timestamp="2022-04-03T01:10:12 IST" time="4.755" errors="0">
  <testcase name="validateUserName" time="4.755" classname="KiteApptestclasses.kiteusernamevalidation"/>
  <system-out>
    <![CDATA[screenshot taken for TC100
Validated UserName]]>
  </system-out>
</testsuite> <!-- KiteApptestclasses.kiteusernamevalidation -->
