<?xml version="1.0" encoding="UTF-8"?>
<!-- Generated by org.testng.reporters.JUnitReportReporter -->
<testsuite skipped="0" hostname="LAPTOP-4LHHGNJU" name="Softassert.softassertStudy" tests="1" failures="0" timestamp="2022-03-24T16:33:06 IST" time="0.008" errors="0">
  <testcase name="MyMethod" time="0.008" classname="Softassert.softassertStudy"/>
  <system-out>
    <![CDATA[a and b are not equal]]>
  </system-out>
</testsuite> <!-- Softassert.softassertStudy -->
