<?xml version="1.0" encoding="UTF-8"?>
<!-- Generated by org.testng.reporters.JUnitReportReporter -->
<testsuite skipped="0" hostname="LAPTOP-4LHHGNJU" name="AssertsintestNG.AssertequalsStudy" tests="1" failures="0" timestamp="2022-03-23T16:16:11 IST" time="0.016" errors="0">
  <testcase name="Asserttest" time="0.016" classname="AssertsintestNG.AssertequalsStudy"/>
  <system-out/>
</testsuite> <!-- AssertsintestNG.AssertequalsStudy -->
