<?xml version="1.0" encoding="UTF-8"?>
<!-- Generated by org.testng.reporters.JUnitReportReporter -->
<testsuite skipped="0" hostname="LAPTOP-4LHHGNJU" name="Crossbrowsingtest.CT1" tests="2" failures="0" timestamp="2022-03-24T16:18:45 IST" time="54.616" errors="0">
  <testcase name="CrossBrowser" time="23.945" classname="Crossbrowsingtest.CT1"/>
  <system-out/>
  <testcase name="CrossBrowser" time="30.671" classname="Crossbrowsingtest.CT1"/>
  <system-out/>
</testsuite> <!-- Crossbrowsingtest.CT1 -->
