<?xml version="1.0" encoding="UTF-8"?>
<!-- Generated by org.testng.reporters.JUnitReportReporter -->
<testsuite skipped="0" hostname="LAPTOP-4LHHGNJU" name="testNGXMLStudy.Myclass" tests="2" failures="0" timestamp="2022-03-22T15:04:47 IST" time="0.004" errors="0">
  <testcase name="TC3" time="0.001" classname="testNGXMLStudy.Myclass"/>
  <system-out>
    <![CDATA[Running TC3]]>
  </system-out>
  <testcase name="TC4" time="0.003" classname="testNGXMLStudy.Myclass"/>
  <system-out>
    <![CDATA[Running TC4]]>
  </system-out>
</testsuite> <!-- testNGXMLStudy.Myclass -->
