<?xml version="1.0" encoding="UTF-8"?>
<!-- Generated by org.testng.reporters.JUnitReportReporter -->
<testsuite skipped="0" hostname="LAPTOP-4LHHGNJU" name="serialAndparallel.serialAndparallel1" tests="1" failures="0" timestamp="2022-03-23T15:45:23 IST" time="38.770" errors="0">
  <testcase name="Mymethod1" time="38.770" classname="serialAndparallel.serialAndparallel1"/>
  <system-out/>
</testsuite> <!-- serialAndparallel.serialAndparallel1 -->
