<?xml version="1.0" encoding="UTF-8"?>
<!-- Generated by org.testng.reporters.JUnitReportReporter -->
<testsuite skipped="0" hostname="LAPTOP-4LHHGNJU" name="testng.testng.testng.Priority2" tests="5" failures="0" timestamp="2022-03-22T15:22:13 IST" time="0.033" errors="0">
  <testcase name="c" time="0.004" classname="testng.testng.testng.Priority2"/>
  <system-out>
    <![CDATA[Running C method]]>
  </system-out>
  <testcase name="c" time="0.023" classname="testng.testng.testng.Priority2"/>
  <system-out>
    <![CDATA[Running C method]]>
  </system-out>
  <testcase name="c" time="0.003" classname="testng.testng.testng.Priority2"/>
  <system-out>
    <![CDATA[Running C method]]>
  </system-out>
  <testcase name="b" time="0.002" classname="testng.testng.testng.Priority2"/>
  <system-out>
    <![CDATA[Running B method]]>
  </system-out>
  <testcase name="a" time="0.001" classname="testng.testng.testng.Priority2"/>
  <system-out>
    <![CDATA[Running A method]]>
  </system-out>
</testsuite> <!-- testng.testng.testng.Priority2 -->
