<?xml version="1.0" encoding="UTF-8"?>
<!-- Generated by org.testng.reporters.JUnitReportReporter -->
<testsuite skipped="0" hostname="LAPTOP-4LHHGNJU" name="testngGrouping.Group1" tests="2" failures="0" timestamp="2022-03-22T16:26:56 IST" time="0.004" errors="0">
  <testcase name="TC2" time="0.002" classname="testngGrouping.Group1"/>
  <system-out>
    <![CDATA[Running TC2]]>
  </system-out>
  <testcase name="TC3" time="0.002" classname="testngGrouping.Group1"/>
  <system-out>
    <![CDATA[Running TC3]]>
  </system-out>
</testsuite> <!-- testngGrouping.Group1 -->
