<?xml version="1.0" encoding="UTF-8"?>
<!-- Generated by org.testng.reporters.JUnitReportReporter -->
<testsuite skipped="0" hostname="LAPTOP-4LHHGNJU" name="serialAndparallel.serialAndparallel2" tests="1" failures="0" timestamp="2022-03-23T15:45:23 IST" time="25.555" errors="0">
  <testcase name="Mymethod2" time="25.555" classname="serialAndparallel.serialAndparallel2"/>
  <system-out/>
</testsuite> <!-- serialAndparallel.serialAndparallel2 -->
