<?xml version="1.0" encoding="UTF-8"?>
<!-- Generated by org.testng.reporters.JUnitReportReporter -->
<testsuite skipped="0" hostname="LAPTOP-4LHHGNJU" name="AssertsintestNG.Test2" tests="1" failures="0" timestamp="2022-03-23T16:06:08 IST" time="6.596" errors="0">
  <testcase name="Testing" time="6.596" classname="AssertsintestNG.Test2"/>
  <system-out/>
</testsuite> <!-- AssertsintestNG.Test2 -->
