<?xml version="1.0" encoding="UTF-8"?>
<!-- Generated by org.testng.reporters.JUnitReportReporter -->
<testsuite skipped="0" hostname="LAPTOP-4LHHGNJU" name="testng.testng.Annotationteststudy2" tests="3" failures="0" timestamp="2022-03-21T16:27:38 IST" time="0.027" errors="0">
  <testcase name="a" time="0.016" classname="testng.testng.Annotationteststudy2"/>
  <system-out>
    <![CDATA[Running A method]]>
  </system-out>
  <testcase name="c" time="0.006" classname="testng.testng.Annotationteststudy2"/>
  <system-out>
    <![CDATA[Running C method]]>
  </system-out>
  <testcase name="b" time="0.005" classname="testng.testng.Annotationteststudy2"/>
  <system-out>
    <![CDATA[Running B method]]>
  </system-out>
</testsuite> <!-- testng.testng.Annotationteststudy2 -->
