<?xml version="1.0" encoding="UTF-8"?>
<!-- Generated by org.testng.reporters.JUnitReportReporter -->
<testsuite skipped="0" hostname="LAPTOP-4LHHGNJU" name="KitepomtestNG.kitetestusingtestNG" tests="1" failures="0" timestamp="2022-03-25T16:36:15 IST" time="6.217" errors="0">
  <testcase name="validateuserId" time="6.217" classname="KitepomtestNG.kitetestusingtestNG"/>
  <system-out>
    <![CDATA[validating user
user id validated successfully,tc passed]]>
  </system-out>
</testsuite> <!-- KitepomtestNG.kitetestusingtestNG -->
