<?xml version="1.0" encoding="UTF-8"?>
<!-- Generated by org.testng.reporters.JUnitReportReporter -->
<testsuite skipped="0" hostname="LAPTOP-4LHHGNJU" name="testng.AnnotationsStudy" tests="1" failures="0" timestamp="2022-03-21T16:26:57 IST" time="0.018" errors="0">
  <testcase name="ValidateUserID" time="0.018" classname="testng.AnnotationsStudy"/>
  <system-out>
    <![CDATA[Running test]]>
  </system-out>
</testsuite> <!-- testng.AnnotationsStudy -->
