<?xml version="1.0" encoding="UTF-8"?>
<!-- Generated by org.testng.reporters.JUnitReportReporter -->
<testsuite skipped="0" hostname="LAPTOP-4LHHGNJU" name="testng.handling_multiple_websites" tests="3" failures="0" timestamp="2022-03-18T14:26:55 IST" time="28.995" errors="0">
  <testcase name="myMethod1" time="15.064" classname="testng.handling_multiple_websites"/>
  <system-out/>
  <testcase name="myMethod3" time="6.894" classname="testng.handling_multiple_websites"/>
  <system-out/>
  <testcase name="myMethod2" time="7.037" classname="testng.handling_multiple_websites"/>
  <system-out/>
</testsuite> <!-- testng.handling_multiple_websites -->
