<?xml version="1.0" encoding="UTF-8"?>
<!-- Generated by org.testng.reporters.JUnitReportReporter -->
<testsuite skipped="0" hostname="LAPTOP-4LHHGNJU" name="testng.testng.dependson1" tests="3" failures="0" timestamp="2022-03-21T17:21:29 IST" time="0.016" errors="0">
  <testcase name="logout" time="0.000" classname="testng.testng.dependson1"/>
  <system-out>
    <![CDATA[logout success]]>
  </system-out>
  <testcase name="login" time="0.016" classname="testng.testng.dependson1"/>
  <system-out>
    <![CDATA[login success]]>
  </system-out>
  <testcase name="verifypin" time="0.000" classname="testng.testng.dependson1"/>
  <system-out>
    <![CDATA[pin verified]]>
  </system-out>
</testsuite> <!-- testng.testng.dependson1 -->
