<?xml version="1.0" encoding="UTF-8"?>
<!-- Generated by org.testng.reporters.JUnitReportReporter -->
<testsuite skipped="0" hostname="LAPTOP-4LHHGNJU" name="testngGrouping.Group2" tests="1" failures="0" timestamp="2022-03-22T16:26:56 IST" time="0.018" errors="0">
  <testcase name="TC4" time="0.018" classname="testngGrouping.Group2"/>
  <system-out>
    <![CDATA[Running TC4]]>
  </system-out>
</testsuite> <!-- testngGrouping.Group2 -->
