<?xml version="1.0" encoding="UTF-8"?>
<!-- Generated by org.testng.reporters.JUnitReportReporter -->
<testsuite skipped="0" hostname="LAPTOP-4LHHGNJU" name="testng.NewTest1" tests="5" failures="0" timestamp="2022-03-17T16:45:29 IST" time="0.023" errors="0">
  <testcase name="myclass4" time="0.001" classname="testng.NewTest1"/>
  <system-out/>
  <testcase name="myclass2" time="0.002" classname="testng.NewTest1"/>
  <system-out/>
  <testcase name="myclass" time="0.015" classname="testng.NewTest1"/>
  <system-out/>
  <testcase name="myclass1" time="0.000" classname="testng.NewTest1"/>
  <system-out/>
  <testcase name="myclass3" time="0.005" classname="testng.NewTest1"/>
  <system-out/>
</testsuite> <!-- testng.NewTest1 -->
