<?xml version="1.0" encoding="UTF-8"?>
<!-- Generated by org.testng.reporters.JUnitReportReporter -->
<testsuite skipped="0" hostname="LAPTOP-4LHHGNJU" name="testng.testng.InvocationcountStudy" tests="4" failures="0" timestamp="2022-03-21T16:34:57 IST" time="0.038" errors="0">
  <testcase name="a" time="0.000" classname="testng.testng.InvocationcountStudy"/>
  <system-out>
    <![CDATA[Running A method]]>
  </system-out>
  <testcase name="f" time="0.016" classname="testng.testng.InvocationcountStudy"/>
  <system-out/>
  <testcase name="a" time="0.022" classname="testng.testng.InvocationcountStudy"/>
  <system-out>
    <![CDATA[Running A method]]>
  </system-out>
  <testcase name="a" time="0.000" classname="testng.testng.InvocationcountStudy"/>
  <system-out>
    <![CDATA[Running A method]]>
  </system-out>
</testsuite> <!-- testng.testng.InvocationcountStudy -->
