<?xml version="1.0" encoding="UTF-8"?>
<!-- Generated by org.testng.reporters.JUnitReportReporter -->
<testsuite skipped="0" hostname="LAPTOP-4LHHGNJU" name="testng.NewTest2" tests="2" failures="0" timestamp="2022-03-18T15:14:53 IST" time="0.015" errors="0">
  <testcase name="method1" time="0.012" classname="testng.NewTest2"/>
  <system-out/>
  <testcase name="method2" time="0.003" classname="testng.NewTest2"/>
  <system-out>
    <![CDATA[welcome to testng NG2]]>
  </system-out>
</testsuite> <!-- testng.NewTest2 -->
