<?xml version="1.0" encoding="UTF-8"?>
<!-- Generated by org.testng.reporters.JUnitReportReporter -->
<testsuite skipped="1" hostname="LAPTOP-4LHHGNJU" name="testng.testng.testng.EnabledStudy" tests="3" failures="0" timestamp="2022-03-21T16:48:17 IST" time="0.006" errors="0">
  <testcase name="a" time="0.000" classname="testng.testng.testng.EnabledStudy"/>
  <system-out>
    <![CDATA[Running A method]]>
  </system-out>
  <testcase name="b" time="0.006" classname="testng.testng.testng.EnabledStudy"/>
  <system-out>
    <![CDATA[Running B method]]>
  </system-out>
  <testcase name="c" classname="testng.testng.testng.EnabledStudy">
    <skipped/>
  </testcase> <!-- c -->
  <system-out/>
</testsuite> <!-- testng.testng.testng.EnabledStudy -->
