<?xml version="1.0" encoding="UTF-8"?>
<!-- Generated by org.testng.reporters.JUnitReportReporter -->
<testsuite skipped="0" hostname="LAPTOP-4LHHGNJU" name="testNGXMLStudy.class2" tests="7" failures="0" timestamp="2022-03-22T15:04:47 IST" time="0.036" errors="0">
  <testcase name="TC6" time="0.005" classname="testNGXMLStudy.class2"/>
  <system-out>
    <![CDATA[Running TC1]]>
  </system-out>
  <testcase name="TC4" time="0.006" classname="testNGXMLStudy.class2"/>
  <system-out>
    <![CDATA[Running TC1]]>
  </system-out>
  <testcase name="TC5" time="0.003" classname="testNGXMLStudy.class2"/>
  <system-out>
    <![CDATA[Running TC1]]>
  </system-out>
  <testcase name="TC9" time="0.001" classname="testNGXMLStudy.class2"/>
  <system-out>
    <![CDATA[Running TC1]]>
  </system-out>
  <testcase name="TC3" time="0.006" classname="testNGXMLStudy.class2"/>
  <system-out>
    <![CDATA[Running TC1]]>
  </system-out>
  <testcase name="TC1" time="0.012" classname="testNGXMLStudy.class2"/>
  <system-out>
    <![CDATA[Running TC1]]>
  </system-out>
  <testcase name="TC2" time="0.003" classname="testNGXMLStudy.class2"/>
  <system-out>
    <![CDATA[Running TC1]]>
  </system-out>
</testsuite> <!-- testNGXMLStudy.class2 -->
