<?xml version="1.0" encoding="UTF-8"?>
<!-- Generated by org.testng.reporters.JUnitReportReporter -->
<testsuite skipped="0" hostname="LAPTOP-4LHHGNJU" name="serialAndparallel.serialAndparallel3" tests="1" failures="0" timestamp="2022-03-23T15:45:23 IST" time="21.580" errors="0">
  <testcase name="Mymethod3" time="21.580" classname="serialAndparallel.serialAndparallel3"/>
  <system-out/>
</testsuite> <!-- serialAndparallel.serialAndparallel3 -->
