<?xml version="1.0" encoding="UTF-8"?>
<!-- Generated by org.testng.reporters.JUnitReportReporter -->
<testsuite skipped="0" hostname="LAPTOP-4LHHGNJU" name="testng.firefoxtest" tests="1" failures="0" timestamp="2022-03-24T12:35:09 IST" time="21.562" errors="0">
  <testcase name="Mymethod" time="21.562" classname="testng.firefoxtest"/>
  <system-out/>
</testsuite> <!-- testng.firefoxtest -->
