<?xml version="1.0" encoding="UTF-8"?>
<!-- Generated by org.testng.reporters.JUnitReportReporter -->
<testsuite skipped="0" hostname="LAPTOP-4LHHGNJU" name="KiteApptestclasses.KiteappuserIDErrorMsgValidation" tests="1" failures="0" timestamp="2022-03-30T02:48:20 IST" time="1.119" errors="0">
  <testcase name="validateUserIDerrorMsg" time="1.119" classname="KiteApptestclasses.KiteappuserIDErrorMsgValidation"/>
  <system-out>
    <![CDATA[screenshot taken for TC200
validateuseriderror]]>
  </system-out>
</testsuite> <!-- KiteApptestclasses.KiteappuserIDErrorMsgValidation -->
