<?xml version="1.0" encoding="UTF-8"?>
<!-- Generated by org.testng.reporters.JUnitReportReporter -->
<testsuite skipped="0" hostname="LAPTOP-4LHHGNJU" name="testng.testng.testng.PriorityStudy" tests="4" failures="0" timestamp="2022-03-21T16:43:46 IST" time="0.019" errors="0">
  <testcase name="c" time="0.016" classname="testng.testng.testng.PriorityStudy"/>
  <system-out>
    <![CDATA[Running C method]]>
  </system-out>
  <testcase name="b" time="0.002" classname="testng.testng.testng.PriorityStudy"/>
  <system-out>
    <![CDATA[Running B method]]>
  </system-out>
  <testcase name="f" time="0.001" classname="testng.testng.testng.PriorityStudy"/>
  <system-out/>
  <testcase name="a" time="0.000" classname="testng.testng.testng.PriorityStudy"/>
  <system-out>
    <![CDATA[Running A method]]>
  </system-out>
</testsuite> <!-- testng.testng.testng.PriorityStudy -->
